year: 1900, 1900
month: 4
month: 7
2
year: 1901, 1901
month: 9
month: 12
2
year: 1902, 1902
month: 6
1
year: 1903, 1903
month: 2
month: 3
month: 11
3
year: 1904, 1904
month: 5
1
year: 1905, 1905
month: 1
month: 10
2
year: 1906, 1906
month: 4
month: 7
2
year: 1907, 1907
month: 9
month: 12
2
year: 1908, 1908
month: 3
month: 11
2
year: 1909, 1909
month: 8
1
year: 1910, 1910
month: 5
1
year: 1911, 1911
month: 1
month: 10
2
year: 1912, 1912
month: 9
month: 12
2
year: 1913, 1913
month: 6
1
year: 1914, 1914
month: 2
month: 3
month: 11
3
year: 1915, 1915
month: 8
1
year: 1916, 1916
month: 10
1
year: 1917, 1917
month: 4
month: 7
2
year: 1918, 1918
month: 9
month: 12
2
year: 1919, 1919
month: 6
1
year: 1920, 1920
month: 2
month: 8
2
year: 1921, 1921
month: 5
1
year: 1922, 1922
month: 1
month: 10
2
year: 1923, 1923
month: 4
month: 7
2
year: 1924, 1924
month: 6
1
year: 1925, 1925
month: 2
month: 3
month: 11
3
year: 1926, 1926
month: 8
1
year: 1927, 1927
month: 5
1
year: 1928, 1928
month: 1
month: 4
month: 7
3
year: 1929, 1929
month: 9
month: 12
2
year: 1930, 1930
month: 6
1
year: 1931, 1931
month: 2
month: 3
month: 11
3
year: 1932, 1932
month: 5
1
year: 1933, 1933
month: 1
month: 10
2
year: 1934, 1934
month: 4
month: 7
2
year: 1935, 1935
month: 9
month: 12
2
year: 1936, 1936
month: 3
month: 11
2
year: 1937, 1937
month: 8
1
year: 1938, 1938
month: 5
1
year: 1939, 1939
month: 1
month: 10
2
year: 1940, 1940
month: 9
month: 12
2
year: 1941, 1941
month: 6
1
year: 1942, 1942
month: 2
month: 3
month: 11
3
year: 1943, 1943
month: 8
1
year: 1944, 1944
month: 10
1
year: 1945, 1945
month: 4
month: 7
2
year: 1946, 1946
month: 9
month: 12
2
year: 1947, 1947
month: 6
1
year: 1948, 1948
month: 2
month: 8
2
year: 1949, 1949
month: 5
1
year: 1950, 1950
month: 1
month: 10
2
year: 1951, 1951
month: 4
month: 7
2
year: 1952, 1952
month: 6
1
year: 1953, 1953
month: 2
month: 3
month: 11
3
year: 1954, 1954
month: 8
1
year: 1955, 1955
month: 5
1
year: 1956, 1956
month: 1
month: 4
month: 7
3
year: 1957, 1957
month: 9
month: 12
2
year: 1958, 1958
month: 6
1
year: 1959, 1959
month: 2
month: 3
month: 11
3
year: 1960, 1960
month: 5
1
year: 1961, 1961
month: 1
month: 10
2
year: 1962, 1962
month: 4
month: 7
2
year: 1963, 1963
month: 9
month: 12
2
year: 1964, 1964
month: 3
month: 11
2
year: 1965, 1965
month: 8
1
year: 1966, 1966
month: 5
1
year: 1967, 1967
month: 1
month: 10
2
year: 1968, 1968
month: 9
month: 12
2
year: 1969, 1969
month: 6
1
year: 1970, 1970
month: 2
month: 3
month: 11
3
year: 1971, 1971
month: 8
1
year: 1972, 1972
month: 10
1
year: 1973, 1973
month: 4
month: 7
2
year: 1974, 1974
month: 9
month: 12
2
year: 1975, 1975
month: 6
1
year: 1976, 1976
month: 2
month: 8
2
year: 1977, 1977
month: 5
1
year: 1978, 1978
month: 1
month: 10
2
year: 1979, 1979
month: 4
month: 7
2
year: 1980, 1980
month: 6
1
year: 1981, 1981
month: 2
month: 3
month: 11
3
year: 1982, 1982
month: 8
1
year: 1983, 1983
month: 5
1
year: 1984, 1984
month: 1
month: 4
month: 7
3
year: 1985, 1985
month: 9
month: 12
2
year: 1986, 1986
month: 6
1
year: 1987, 1987
month: 2
month: 3
month: 11
3
year: 1988, 1988
month: 5
1
year: 1989, 1989
month: 1
month: 10
2
year: 1990, 1990
month: 4
month: 7
2
year: 1991, 1991
month: 9
month: 12
2
year: 1992, 1992
month: 3
month: 11
2
year: 1993, 1993
month: 8
1
year: 1994, 1994
month: 5
1
year: 1995, 1995
month: 1
month: 10
2
year: 1996, 1996
month: 9
month: 12
2
year: 1997, 1997
month: 6
1
year: 1998, 1998
month: 2
month: 3
month: 11
3
year: 1999, 1999
month: 8
1
year: 2000, 2000
month: 10
1
year: 2001, 2001
month: 4
month: 7
2
year: 2002, 2002
month: 9
month: 12
2
year: 2003, 2003
month: 6
1
year: 2004, 2004
month: 2
month: 8
2
year: 2005, 2005
month: 5
1
year: 2006, 2006
month: 1
month: 10
2
year: 2007, 2007
month: 4
month: 7
2
year: 2008, 2008
month: 6
1
year: 2009, 2009
month: 2
month: 3
month: 11
3
year: 2010, 2010
month: 8
1
year: 2011, 2011
month: 5
1
year: 2012, 2012
month: 1
month: 4
month: 7
3
year: 2013, 2013
month: 9
month: 12
2
year: 2014, 2014
month: 6
1
year: 2015, 2015
month: 2
month: 3
month: 11
3
year: 2016, 2016
month: 5
1
year: 2017, 2017
month: 1
month: 10
2
year: 2018, 2018
month: 4
month: 7
2
year: 2019, 2019
month: 9
month: 12
2
year: 2020, 2020
month: 3
month: 11
2
year: 2021, 2021
month: 8
1
year: 2022, 2022
month: 5
1
year: 2023, 2023
month: 1
month: 10
2
year: 2024, 2024
month: 9
month: 12
2
year: 2025, 2025
month: 6
1
year: 2026, 2026
month: 2
month: 3
month: 11
3
year: 2027, 2027
month: 8
1
year: 2028, 2028
month: 10
1
year: 2029, 2029
month: 4
month: 7
2
year: 2030, 2030
month: 9
month: 12
2
year: 2031, 2031
month: 6
1
year: 2032, 2032
month: 2
month: 8
2
year: 2033, 2033
month: 5
1
year: 2034, 2034
month: 1
month: 10
2
year: 2035, 2035
month: 4
month: 7
2
year: 2036, 2036
month: 6
1
year: 2037, 2037
month: 2
month: 3
month: 11
3
year: 2038, 2038
month: 8
1
year: 2039, 2039
month: 5
1
year: 2040, 2040
month: 1
month: 4
month: 7
3
year: 2041, 2041
month: 9
month: 12
2
year: 2042, 2042
month: 6
1
year: 2043, 2043
month: 2
month: 3
month: 11
3
year: 2044, 2044
month: 5
1
year: 2045, 2045
month: 1
month: 10
2
year: 2046, 2046
month: 4
month: 7
2
year: 2047, 2047
month: 9
month: 12
2
year: 2048, 2048
month: 3
month: 11
2
year: 2049, 2049
month: 8
1
year: 2050, 2050
month: 5
1
year: 2051, 2051
month: 1
month: 10
2
year: 2052, 2052
month: 9
month: 12
2
year: 2053, 2053
month: 6
1
year: 2054, 2054
month: 2
month: 3
month: 11
3
year: 2055, 2055
month: 8
1
year: 2056, 2056
month: 10
1
year: 2057, 2057
month: 4
month: 7
2
year: 2058, 2058
month: 9
month: 12
2
year: 2059, 2059
month: 6
1
year: 2060, 2060
month: 2
month: 8
2
year: 2061, 2061
month: 5
1
year: 2062, 2062
month: 1
month: 10
2
year: 2063, 2063
month: 4
month: 7
2
year: 2064, 2064
month: 6
1
year: 2065, 2065
month: 2
month: 3
month: 11
3
year: 2066, 2066
month: 8
1
year: 2067, 2067
month: 5
1
year: 2068, 2068
month: 1
month: 4
month: 7
3
year: 2069, 2069
month: 9
month: 12
2
year: 2070, 2070
month: 6
1
year: 2071, 2071
month: 2
month: 3
month: 11
3
year: 2072, 2072
month: 5
1
year: 2073, 2073
month: 1
month: 10
2
year: 2074, 2074
month: 4
month: 7
2
year: 2075, 2075
month: 9
month: 12
2
year: 2076, 2076
month: 3
month: 11
2
year: 2077, 2077
month: 8
1
year: 2078, 2078
month: 5
1
year: 2079, 2079
month: 1
month: 10
2
year: 2080, 2080
month: 9
month: 12
2
year: 2081, 2081
month: 6
1
year: 2082, 2082
month: 2
month: 3
month: 11
3
year: 2083, 2083
month: 8
1
year: 2084, 2084
month: 10
1
year: 2085, 2085
month: 4
month: 7
2
year: 2086, 2086
month: 9
month: 12
2
year: 2087, 2087
month: 6
1
year: 2088, 2088
month: 2
month: 8
2
year: 2089, 2089
month: 5
1
year: 2090, 2090
month: 1
month: 10
2
year: 2091, 2091
month: 4
month: 7
2
year: 2092, 2092
month: 6
1
year: 2093, 2093
month: 2
month: 3
month: 11
3
year: 2094, 2094
month: 8
1
year: 2095, 2095
month: 5
1
year: 2096, 2096
month: 1
month: 4
month: 7
3
year: 2097, 2097
month: 9
month: 12
2
year: 2098, 2098
month: 6
1
year: 2099, 2099
month: 2
month: 3
month: 11
3
year: 2100, 2100
month: 8
1
